<?xml version="1.0" encoding="UTF-8"?>
<!-- Generated by org.testng.reporters.JUnitReportReporter -->
<testsuite hostname="Dell-Inspiron-3505" failures="0" tests="1" name="runner.RunProject" time="16.330" errors="0" timestamp="29 Sep 2023 15:57:14 GMT" skipped="0">
  <testcase classname="runner.RunProject" name="runScenario" time="16.330"/>
</testsuite> <!-- runner.RunProject -->
